<?xml version="1.0" encoding="UTF-8"?>
<!-- Generated by org.testng.reporters.JUnitReportReporter -->
<testsuite hostname="Æ¤¿¨ÇðµÄ´óÄÔ" name="com.sadie.JudgeTrangleTest" tests="2" failures="0" timestamp="23 Nov 2019 10:34:28 GMT" time="0.045" errors="0">
  <testcase name="testAngleFunc" time="0.043" classname="com.sadie.JudgeTrangleTest"/>
  <testcase name="testFunction" time="0.002" classname="com.sadie.JudgeTrangleTest"/>
</testsuite> <!-- com.sadie.JudgeTrangleTest -->
